# JRE version: Java(TM) SE Runtime Environment (8.0_66-b17) (build 1.8.0_66-b17)
# Java VM: Java HotSpot(TM) 64-Bit Server VM (25.66-b17 mixed mode linux-amd64 compressed oops)
Heap:
 PSYoungGen      total 54784K, used 17585K [0x00000000ebf80000, 0x00000000ef700000, 0x0000000100000000)
  eden space 53248K, 32% used [0x00000000ebf80000,0x00000000ed08c4e8,0x00000000ef380000)
  from space 1536K, 8% used [0x00000000ef380000,0x00000000ef3a0000,0x00000000ef500000)
  to   space 1536K, 0% used [0x00000000ef580000,0x00000000ef580000,0x00000000ef700000)
 ParOldGen       total 91136K, used 42227K [0x00000000c3e00000, 0x00000000c9700000, 0x00000000ebf80000)
  object space 91136K, 46% used [0x00000000c3e00000,0x00000000c673cd38,0x00000000c9700000)
 Metaspace       used 31506K, capacity 32100K, committed 32560K, reserved 1077248K
  class space    used 3655K, capacity 3800K, committed 3888K, reserved 1048576K
GC Heap History (10 events):
Event: 10377.867 GC heap before
{Heap before GC invocations=97 (full 2):
 PSYoungGen      total 53248K, used 52384K [0x00000000ebf80000, 0x00000000ef580000, 0x0000000100000000)
  eden space 52224K, 100% used [0x00000000ebf80000,0x00000000ef280000,0x00000000ef280000)
  from space 1024K, 15% used [0x00000000ef480000,0x00000000ef4a8000,0x00000000ef580000)
  to   space 1536K, 0% used [0x00000000ef280000,0x00000000ef280000,0x00000000ef400000)
 ParOldGen       total 91136K, used 42219K [0x00000000c3e00000, 0x00000000c9700000, 0x00000000ebf80000)
  object space 91136K, 46% used [0x00000000c3e00000,0x00000000c673ad38,0x00000000c9700000)
 Metaspace       used 31498K, capacity 32036K, committed 32560K, reserved 1077248K
  class space    used 3655K, capacity 3800K, committed 3888K, reserved 1048576K
Event: 10377.869 GC heap after
Heap after GC invocations=97 (full 2):
 PSYoungGen      total 53760K, used 160K [0x00000000ebf80000, 0x00000000ef600000, 0x0000000100000000)
  eden space 52224K, 0% used [0x00000000ebf80000,0x00000000ebf80000,0x00000000ef280000)
  from space 1536K, 10% used [0x00000000ef280000,0x00000000ef2a8000,0x00000000ef400000)
  to   space 1536K, 0% used [0x00000000ef480000,0x00000000ef480000,0x00000000ef600000)
 ParOldGen       total 91136K, used 42227K [0x00000000c3e00000, 0x00000000c9700000, 0x00000000ebf80000)
  object space 91136K, 46% used [0x00000000c3e00000,0x00000000c673cd38,0x00000000c9700000)
 Metaspace       used 31498K, capacity 32036K, committed 32560K, reserved 1077248K
  class space    used 3655K, capacity 3800K, committed 3888K, reserved 1048576K
}
Event: 10500.871 GC heap before
{Heap before GC invocations=98 (full 2):
 PSYoungGen      total 53760K, used 52384K [0x00000000ebf80000, 0x00000000ef600000, 0x0000000100000000)
  eden space 52224K, 100% used [0x00000000ebf80000,0x00000000ef280000,0x00000000ef280000)
  from space 1536K, 10% used [0x00000000ef280000,0x00000000ef2a8000,0x00000000ef400000)
  to   space 1536K, 0% used [0x00000000ef480000,0x00000000ef480000,0x00000000ef600000)
 ParOldGen       total 91136K, used 42227K [0x00000000c3e00000, 0x00000000c9700000, 0x00000000ebf80000)
  object space 91136K, 46% used [0x00000000c3e00000,0x00000000c673cd38,0x00000000c9700000)
 Metaspace       used 31498K, capacity 32036K, committed 32560K, reserved 1077248K
  class space    used 3655K, capacity 3800K, committed 3888K, reserved 1048576K
Event: 10500.874 GC heap after
Heap after GC invocations=98 (full 2):
 PSYoungGen      total 54272K, used 160K [0x00000000ebf80000, 0x00000000ef600000, 0x0000000100000000)
  eden space 52736K, 0% used [0x00000000ebf80000,0x00000000ebf80000,0x00000000ef300000)
  from space 1536K, 10% used [0x00000000ef480000,0x00000000ef4a8000,0x00000000ef600000)
  to   space 1536K, 0% used [0x00000000ef300000,0x00000000ef300000,0x00000000ef480000)
 ParOldGen       total 91136K, used 42227K [0x00000000c3e00000, 0x00000000c9700000, 0x00000000ebf80000)
  object space 91136K, 46% used [0x00000000c3e00000,0x00000000c673cd38,0x00000000c9700000)
 Metaspace       used 31498K, capacity 32036K, committed 32560K, reserved 1077248K
  class space    used 3655K, capacity 3800K, committed 3888K, reserved 1048576K
}
Event: 10622.734 GC heap before
{Heap before GC invocations=99 (full 2):
 PSYoungGen      total 54272K, used 52896K [0x00000000ebf80000, 0x00000000ef600000, 0x0000000100000000)
  eden space 52736K, 100% used [0x00000000ebf80000,0x00000000ef300000,0x00000000ef300000)
  from space 1536K, 10% used [0x00000000ef480000,0x00000000ef4a8000,0x00000000ef600000)
  to   space 1536K, 0% used [0x00000000ef300000,0x00000000ef300000,0x00000000ef480000)
 ParOldGen       total 91136K, used 42227K [0x00000000c3e00000, 0x00000000c9700000, 0x00000000ebf80000)
  object space 91136K, 46% used [0x00000000c3e00000,0x00000000c673cd38,0x00000000c9700000)
 Metaspace       used 31498K, capacity 32036K, committed 32560K, reserved 1077248K
  class space    used 3655K, capacity 3800K, committed 3888K, reserved 1048576K
Event: 10622.737 GC heap after
Heap after GC invocations=99 (full 2):
 PSYoungGen      total 54272K, used 192K [0x00000000ebf80000, 0x00000000ef680000, 0x0000000100000000)
  eden space 52736K, 0% used [0x00000000ebf80000,0x00000000ebf80000,0x00000000ef300000)
  from space 1536K, 12% used [0x00000000ef300000,0x00000000ef330000,0x00000000ef480000)
  to   space 1536K, 0% used [0x00000000ef500000,0x00000000ef500000,0x00000000ef680000)
 ParOldGen       total 91136K, used 42227K [0x00000000c3e00000, 0x00000000c9700000, 0x00000000ebf80000)
  object space 91136K, 46% used [0x00000000c3e00000,0x00000000c673cd38,0x00000000c9700000)
 Metaspace       used 31498K, capacity 32036K, committed 32560K, reserved 1077248K
  class space    used 3655K, capacity 3800K, committed 3888K, reserved 1048576K
}
Event: 10743.886 GC heap before
{Heap before GC invocations=100 (full 2):
 PSYoungGen      total 54272K, used 52928K [0x00000000ebf80000, 0x00000000ef680000, 0x0000000100000000)
  eden space 52736K, 100% used [0x00000000ebf80000,0x00000000ef300000,0x00000000ef300000)
  from space 1536K, 12% used [0x00000000ef300000,0x00000000ef330000,0x00000000ef480000)
  to   space 1536K, 0% used [0x00000000ef500000,0x00000000ef500000,0x00000000ef680000)
 ParOldGen       total 91136K, used 42227K [0x00000000c3e00000, 0x00000000c9700000, 0x00000000ebf80000)
  object space 91136K, 46% used [0x00000000c3e00000,0x00000000c673cd38,0x00000000c9700000)
 Metaspace       used 31499K, capacity 32036K, committed 32560K, reserved 1077248K
  class space    used 3655K, capacity 3800K, committed 3888K, reserved 1048576K
Event: 10743.890 GC heap after
Heap after GC invocations=100 (full 2):
 PSYoungGen      total 54784K, used 160K [0x00000000ebf80000, 0x00000000ef680000, 0x0000000100000000)
  eden space 53248K, 0% used [0x00000000ebf80000,0x00000000ebf80000,0x00000000ef380000)
  from space 1536K, 10% used [0x00000000ef500000,0x00000000ef528000,0x00000000ef680000)
  to   space 1536K, 0% used [0x00000000ef380000,0x00000000ef380000,0x00000000ef500000)
 ParOldGen       total 91136K, used 42227K [0x00000000c3e00000, 0x00000000c9700000, 0x00000000ebf80000)
  object space 91136K, 46% used [0x00000000c3e00000,0x00000000c673cd38,0x00000000c9700000)
 Metaspace       used 31499K, capacity 32036K, committed 32560K, reserved 1077248K
  class space    used 3655K, capacity 3800K, committed 3888K, reserved 1048576K
}
Event: 10872.880 GC heap before
{Heap before GC invocations=101 (full 2):
 PSYoungGen      total 54784K, used 53408K [0x00000000ebf80000, 0x00000000ef680000, 0x0000000100000000)
  eden space 53248K, 100% used [0x00000000ebf80000,0x00000000ef380000,0x00000000ef380000)
  from space 1536K, 10% used [0x00000000ef500000,0x00000000ef528000,0x00000000ef680000)
  to   space 1536K, 0% used [0x00000000ef380000,0x00000000ef380000,0x00000000ef500000)
 ParOldGen       total 91136K, used 42227K [0x00000000c3e00000, 0x00000000c9700000, 0x00000000ebf80000)
  object space 91136K, 46% used [0x00000000c3e00000,0x00000000c673cd38,0x00000000c9700000)
 Metaspace       used 31506K, capacity 32100K, committed 32560K, reserved 1077248K
  class space    used 3655K, capacity 3800K, committed 3888K, reserved 1048576K
Event: 10872.886 GC heap after
Heap after GC invocations=101 (full 2):
 PSYoungGen      total 54784K, used 128K [0x00000000ebf80000, 0x00000000ef700000, 0x0000000100000000)
  eden space 53248K, 0% used [0x00000000ebf80000,0x00000000ebf80000,0x00000000ef380000)
  from space 1536K, 8% used [0x00000000ef380000,0x00000000ef3a0000,0x00000000ef500000)
  to   space 1536K, 0% used [0x00000000ef580000,0x00000000ef580000,0x00000000ef700000)
 ParOldGen       total 91136K, used 42227K [0x00000000c3e00000, 0x00000000c9700000, 0x00000000ebf80000)
  object space 91136K, 46% used [0x00000000c3e00000,0x00000000c673cd38,0x00000000c9700000)
 Metaspace       used 31506K, capacity 32100K, committed 32560K, reserved 1077248K
  class space    used 3655K, capacity 3800K, committed 3888K, reserved 1048576K
}

